Start testing: Sep 13 13:50 EEST
----------------------------------------------------------
1/2 Testing: PositionCalculatorTest.BasicInitialization
1/2 Test: PositionCalculatorTest.BasicInitialization
Command: "/home/nux/Developer/study/cpp/school-physics-app/build/tests/unit_tests" "--gtest_filter=PositionCalculatorTest.BasicInitialization" "--gtest_also_run_disabled_tests"
Directory: /home/nux/Developer/study/cpp/school-physics-app/build/tests
"PositionCalculatorTest.BasicInitialization" start time: Sep 13 13:50 EEST
Output:
----------------------------------------------------------
Running main() from ./googletest/src/gtest_main.cc
Note: Google Test filter = PositionCalculatorTest.BasicInitialization
[==========] Running 1 test from 1 test suite.
[----------] Global test environment set-up.
[----------] 1 test from PositionCalculatorTest
[ RUN      ] PositionCalculatorTest.BasicInitialization
[       OK ] PositionCalculatorTest.BasicInitialization (0 ms)
[----------] 1 test from PositionCalculatorTest (0 ms total)

[----------] Global test environment tear-down
[==========] 1 test from 1 test suite ran. (0 ms total)
[  PASSED  ] 1 test.
<end of output>
Test time =   0.00 sec
----------------------------------------------------------
Test Passed.
"PositionCalculatorTest.BasicInitialization" end time: Sep 13 13:50 EEST
"PositionCalculatorTest.BasicInitialization" time elapsed: 00:00:00
----------------------------------------------------------

2/2 Testing: PositionCalculatorTest.TrackObjectWithValidFrame
2/2 Test: PositionCalculatorTest.TrackObjectWithValidFrame
Command: "/home/nux/Developer/study/cpp/school-physics-app/build/tests/unit_tests" "--gtest_filter=PositionCalculatorTest.TrackObjectWithValidFrame" "--gtest_also_run_disabled_tests"
Directory: /home/nux/Developer/study/cpp/school-physics-app/build/tests
"PositionCalculatorTest.TrackObjectWithValidFrame" start time: Sep 13 13:50 EEST
Output:
----------------------------------------------------------
Running main() from ./googletest/src/gtest_main.cc
Note: Google Test filter = PositionCalculatorTest.TrackObjectWithValidFrame
[==========] Running 1 test from 1 test suite.
[----------] Global test environment set-up.
[----------] 1 test from PositionCalculatorTest
[ RUN      ] PositionCalculatorTest.TrackObjectWithValidFrame
[       OK ] PositionCalculatorTest.TrackObjectWithValidFrame (17 ms)
[----------] 1 test from PositionCalculatorTest (17 ms total)

[----------] Global test environment tear-down
[==========] 1 test from 1 test suite ran. (17 ms total)
[  PASSED  ] 1 test.
<end of output>
Test time =   0.02 sec
----------------------------------------------------------
Test Passed.
"PositionCalculatorTest.TrackObjectWithValidFrame" end time: Sep 13 13:50 EEST
"PositionCalculatorTest.TrackObjectWithValidFrame" time elapsed: 00:00:00
----------------------------------------------------------

End testing: Sep 13 13:50 EEST
